# JRE version: Java(TM) SE Runtime Environment (8.0_131-b11) (build 1.8.0_131-b11)
# Java VM: Java HotSpot(TM) 64-Bit Server VM (25.131-b11 mixed mode windows-amd64 compressed oops)
Heap:
 PSYoungGen      total 206336K, used 133692K [0x00000000eb500000, 0x00000000f9080000, 0x0000000100000000)
  eden space 195072K, 62% used [0x00000000eb500000,0x00000000f2c95080,0x00000000f7380000)
  from space 11264K, 99% used [0x00000000f8580000,0x00000000f907a370,0x00000000f9080000)
  to   space 14848K, 0% used [0x00000000f7380000,0x00000000f7380000,0x00000000f8200000)
 ParOldGen       total 62976K, used 26778K [0x00000000c1e00000, 0x00000000c5b80000, 0x00000000eb500000)
  object space 62976K, 42% used [0x00000000c1e00000,0x00000000c3826b38,0x00000000c5b80000)
 Metaspace       used 48007K, capacity 48660K, committed 48936K, reserved 1091584K
  class space    used 6235K, capacity 6379K, committed 6440K, reserved 1048576K
GC Heap History (10 events):
Event: 4.657 GC heap before
{Heap before GC invocations=10 (full 1):
 PSYoungGen      total 113152K, used 112869K [0x00000000eb500000, 0x00000000f4080000, 0x0000000100000000)
  eden space 110080K, 100% used [0x00000000eb500000,0x00000000f2080000,0x00000000f2080000)
  from space 3072K, 90% used [0x00000000f3d80000,0x00000000f4039630,0x00000000f4080000)
  to   space 8704K, 0% used [0x00000000f2f80000,0x00000000f2f80000,0x00000000f3800000)
 ParOldGen       total 38912K, used 9874K [0x00000000c1e00000, 0x00000000c4400000, 0x00000000eb500000)
  object space 38912K, 25% used [0x00000000c1e00000,0x00000000c27a49c8,0x00000000c4400000)
 Metaspace       used 26914K, capacity 27346K, committed 27648K, reserved 1073152K
  class space    used 3403K, capacity 3514K, committed 3584K, reserved 1048576K
Event: 4.676 GC heap after
Heap after GC invocations=10 (full 1):
 PSYoungGen      total 134144K, used 8690K [0x00000000eb500000, 0x00000000f5c00000, 0x0000000100000000)
  eden space 125440K, 0% used [0x00000000eb500000,0x00000000eb500000,0x00000000f2f80000)
  from space 8704K, 99% used [0x00000000f2f80000,0x00000000f37fc8e8,0x00000000f3800000)
  to   space 9728K, 0% used [0x00000000f5280000,0x00000000f5280000,0x00000000f5c00000)
 ParOldGen       total 38912K, used 9920K [0x00000000c1e00000, 0x00000000c4400000, 0x00000000eb500000)
  object space 38912K, 25% used [0x00000000c1e00000,0x00000000c27b0278,0x00000000c4400000)
 Metaspace       used 26914K, capacity 27346K, committed 27648K, reserved 1073152K
  class space    used 3403K, capacity 3514K, committed 3584K, reserved 1048576K
}
Event: 6.131 GC heap before
{Heap before GC invocations=11 (full 1):
 PSYoungGen      total 134144K, used 134130K [0x00000000eb500000, 0x00000000f5c00000, 0x0000000100000000)
  eden space 125440K, 100% used [0x00000000eb500000,0x00000000f2f80000,0x00000000f2f80000)
  from space 8704K, 99% used [0x00000000f2f80000,0x00000000f37fc8e8,0x00000000f3800000)
  to   space 9728K, 0% used [0x00000000f5280000,0x00000000f5280000,0x00000000f5c00000)
 ParOldGen       total 38912K, used 9920K [0x00000000c1e00000, 0x00000000c4400000, 0x00000000eb500000)
  object space 38912K, 25% used [0x00000000c1e00000,0x00000000c27b0278,0x00000000c4400000)
 Metaspace       used 30407K, capacity 30890K, committed 31104K, reserved 1077248K
  class space    used 3821K, capacity 3966K, committed 3968K, reserved 1048576K
Event: 6.146 GC heap after
Heap after GC invocations=11 (full 1):
 PSYoungGen      total 159232K, used 9719K [0x00000000eb500000, 0x00000000f7100000, 0x0000000100000000)
  eden space 149504K, 0% used [0x00000000eb500000,0x00000000eb500000,0x00000000f4700000)
  from space 9728K, 99% used [0x00000000f5280000,0x00000000f5bfde40,0x00000000f5c00000)
  to   space 11776K, 0% used [0x00000000f4700000,0x00000000f4700000,0x00000000f5280000)
 ParOldGen       total 38912K, used 11941K [0x00000000c1e00000, 0x00000000c4400000, 0x00000000eb500000)
  object space 38912K, 30% used [0x00000000c1e00000,0x00000000c29a9650,0x00000000c4400000)
 Metaspace       used 30407K, capacity 30890K, committed 31104K, reserved 1077248K
  class space    used 3821K, capacity 3966K, committed 3968K, reserved 1048576K
}
Event: 6.780 GC heap before
{Heap before GC invocations=12 (full 1):
 PSYoungGen      total 159232K, used 57641K [0x00000000eb500000, 0x00000000f7100000, 0x0000000100000000)
  eden space 149504K, 32% used [0x00000000eb500000,0x00000000ee3cc840,0x00000000f4700000)
  from space 9728K, 99% used [0x00000000f5280000,0x00000000f5bfde40,0x00000000f5c00000)
  to   space 11776K, 0% used [0x00000000f4700000,0x00000000f4700000,0x00000000f5280000)
 ParOldGen       total 38912K, used 11941K [0x00000000c1e00000, 0x00000000c4400000, 0x00000000eb500000)
  object space 38912K, 30% used [0x00000000c1e00000,0x00000000c29a9650,0x00000000c4400000)
 Metaspace       used 34804K, capacity 35266K, committed 35496K, reserved 1081344K
  class space    used 4369K, capacity 4482K, committed 4520K, reserved 1048576K
Event: 6.803 GC heap after
Heap after GC invocations=12 (full 1):
 PSYoungGen      total 161280K, used 4892K [0x00000000eb500000, 0x00000000f9080000, 0x0000000100000000)
  eden space 149504K, 0% used [0x00000000eb500000,0x00000000eb500000,0x00000000f4700000)
  from space 11776K, 41% used [0x00000000f4700000,0x00000000f4bc71d8,0x00000000f5280000)
  to   space 11264K, 0% used [0x00000000f8580000,0x00000000f8580000,0x00000000f9080000)
 ParOldGen       total 38912K, used 19191K [0x00000000c1e00000, 0x00000000c4400000, 0x00000000eb500000)
  object space 38912K, 49% used [0x00000000c1e00000,0x00000000c30bdf58,0x00000000c4400000)
 Metaspace       used 34804K, capacity 35266K, committed 35496K, reserved 1081344K
  class space    used 4369K, capacity 4482K, committed 4520K, reserved 1048576K
}
Event: 6.803 GC heap before
{Heap before GC invocations=13 (full 2):
 PSYoungGen      total 161280K, used 4892K [0x00000000eb500000, 0x00000000f9080000, 0x0000000100000000)
  eden space 149504K, 0% used [0x00000000eb500000,0x00000000eb500000,0x00000000f4700000)
  from space 11776K, 41% used [0x00000000f4700000,0x00000000f4bc71d8,0x00000000f5280000)
  to   space 11264K, 0% used [0x00000000f8580000,0x00000000f8580000,0x00000000f9080000)
 ParOldGen       total 38912K, used 19191K [0x00000000c1e00000, 0x00000000c4400000, 0x00000000eb500000)
  object space 38912K, 49% used [0x00000000c1e00000,0x00000000c30bdf58,0x00000000c4400000)
 Metaspace       used 34804K, capacity 35266K, committed 35496K, reserved 1081344K
  class space    used 4369K, capacity 4482K, committed 4520K, reserved 1048576K
Event: 6.938 GC heap after
Heap after GC invocations=13 (full 2):
 PSYoungGen      total 161280K, used 0K [0x00000000eb500000, 0x00000000f9080000, 0x0000000100000000)
  eden space 149504K, 0% used [0x00000000eb500000,0x00000000eb500000,0x00000000f4700000)
  from space 11776K, 0% used [0x00000000f4700000,0x00000000f4700000,0x00000000f5280000)
  to   space 11264K, 0% used [0x00000000f8580000,0x00000000f8580000,0x00000000f9080000)
 ParOldGen       total 62976K, used 21767K [0x00000000c1e00000, 0x00000000c5b80000, 0x00000000eb500000)
  object space 62976K, 34% used [0x00000000c1e00000,0x00000000c3341f78,0x00000000c5b80000)
 Metaspace       used 34804K, capacity 35266K, committed 35496K, reserved 1081344K
  class space    used 4369K, capacity 4482K, committed 4520K, reserved 1048576K
}
Event: 8.927 GC heap before
{Heap before GC invocations=14 (full 2):
 PSYoungGen      total 161280K, used 149504K [0x00000000eb500000, 0x00000000f9080000, 0x0000000100000000)
  eden space 149504K, 100% used [0x00000000eb500000,0x00000000f4700000,0x00000000f4700000)
  from space 11776K, 0% used [0x00000000f4700000,0x00000000f4700000,0x00000000f5280000)
  to   space 11264K, 0% used [0x00000000f8580000,0x00000000f8580000,0x00000000f9080000)
 ParOldGen       total 62976K, used 21767K [0x00000000c1e00000, 0x00000000c5b80000, 0x00000000eb500000)
  object space 62976K, 34% used [0x00000000c1e00000,0x00000000c3341f78,0x00000000c5b80000)
 Metaspace       used 45893K, capacity 46460K, committed 46888K, reserved 1089536K
  class space    used 5955K, capacity 6097K, committed 6184K, reserved 1048576K
Event: 8.946 GC heap after
Heap after GC invocations=14 (full 2):
 PSYoungGen      total 206336K, used 11240K [0x00000000eb500000, 0x00000000f9080000, 0x0000000100000000)
  eden space 195072K, 0% used [0x00000000eb500000,0x00000000eb500000,0x00000000f7380000)
  from space 11264K, 99% used [0x00000000f8580000,0x00000000f907a370,0x00000000f9080000)
  to   space 14848K, 0% used [0x00000000f7380000,0x00000000f7380000,0x00000000f8200000)
 ParOldGen       total 62976K, used 26778K [0x00000000c1e00000, 0x00000000c5b80000, 0x00000000eb500000)
  object space 62976K, 42% used [0x00000000c1e00000,0x00000000c3826b38,0x00000000c5b80000)
 Metaspace       used 45893K, capacity 46460K, committed 46888K, reserved 1089536K
  class space    used 5955K, capacity 6097K, committed 6184K, reserved 1048576K
}

